<?xml version="1.0" encoding="UTF-8"?>
<!-- Generated by org.testng.reporters.JUnitXMLReporter -->
<testsuite hostname="E0727662" ignored="2" name="Command line test" tests="2" failures="0" timestamp="2021-08-26T23:21:00 EET" time="63.217" errors="0">
  <testcase name="feature" time="22.027" classname="cucumber.api.testng.AbstractTestNGCucumberTests"/>
  <testcase name="feature" time="40.1" classname="cucumber.api.testng.AbstractTestNGCucumberTests"/>
  <testcase name="@BeforeSuite startDriver" time="0.0" classname="tests.TestBase">
    <ignored/>
  </testcase> <!-- @BeforeSuite startDriver -->
  <testcase name="@AfterSuite teardown" time="0.0" classname="tests.TestBase">
    <ignored/>
  </testcase> <!-- @AfterSuite teardown -->
</testsuite> <!-- Command line test -->
